[debug] [2021-05-22T09:44:16.109Z] ----------------------------------------------------------------------
[debug] [2021-05-22T09:44:16.111Z] Command:       C:\Program Files\nodejs\node.exe C:\Users\Shamik\AppData\Roaming\npm\node_modules\firebase-tools\lib\bin\firebase.js init
[debug] [2021-05-22T09:44:16.111Z] CLI Version:   9.11.0
[debug] [2021-05-22T09:44:16.111Z] Platform:      win32
[debug] [2021-05-22T09:44:16.111Z] Node Version:  v14.2.0
[debug] [2021-05-22T09:44:16.112Z] Time:          Sat May 22 2021 15:14:16 GMT+0530 (India Standard Time)
[debug] [2021-05-22T09:44:16.113Z] ----------------------------------------------------------------------
[debug] 
[debug] [2021-05-22T09:44:16.118Z] > command requires scopes: ["email","openid","https://www.googleapis.com/auth/cloudplatformprojects.readonly","https://www.googleapis.com/auth/firebase","https://www.googleapis.com/auth/cloud-platform"]
[debug] [2021-05-22T09:44:16.119Z] > authorizing via signed-in user (berashamik115@gmail.com)
[info] 
     ######## #### ########  ######## ########     ###     ######  ########
     ##        ##  ##     ## ##       ##     ##  ##   ##  ##       ##
     ######    ##  ########  ######   ########  #########  ######  ######
     ##        ##  ##    ##  ##       ##     ## ##     ##       ## ##
     ##       #### ##     ## ######## ########  ##     ##  ######  ########

You're about to initialize a Firebase project in this directory:

  D:\Computer Science\Projects\Tinder Clone\tinder-clone

[info] 
=== Project Setup
[info] 
[info] First, let's associate this project directory with a Firebase project.
[info] You can create multiple project aliases by running firebase use --add, 
[info] but for now we'll just set up a default project.
[info] 
[debug] [2021-05-22T09:45:01.003Z] > refreshing access token with scopes: []
[debug] [2021-05-22T09:45:01.003Z] >>> HTTP REQUEST POST https://www.googleapis.com/oauth2/v3/token  
 <request body omitted>
[debug] [2021-05-22T09:45:01.193Z] <<< HTTP RESPONSE 200 {"cache-control":"no-cache, no-store, max-age=0, must-revalidate","expires":"Mon, 01 Jan 1990 00:00:00 GMT","pragma":"no-cache","date":"Sat, 22 May 2021 09:45:02 GMT","content-type":"application/json; charset=utf-8","vary":"X-Origin, Referer, Origin,Accept-Encoding","server":"scaffolding on HTTPServer2","x-xss-protection":"0","x-frame-options":"SAMEORIGIN","x-content-type-options":"nosniff","alt-svc":"h3-29=\":443\"; ma=2592000,h3-T051=\":443\"; ma=2592000,h3-Q050=\":443\"; ma=2592000,h3-Q046=\":443\"; ma=2592000,h3-Q043=\":443\"; ma=2592000,quic=\":443\"; ma=2592000; v=\"46,43\"","accept-ranges":"none","transfer-encoding":"chunked"}
[debug] [2021-05-22T09:45:01.265Z] >>> [apiv2][query] GET https://firebase.googleapis.com/v1beta1/projects pageSize=100
[debug] [2021-05-22T09:45:01.956Z] <<< [apiv2][status] GET https://firebase.googleapis.com/v1beta1/projects 200
[debug] [2021-05-22T09:45:01.956Z] <<< [apiv2][body] GET https://firebase.googleapis.com/v1beta1/projects [omitted]
[info] i  Using project tinder-clone-c03a3 (tinder-clone) 
[info] 
=== Hosting Setup
[info] 
[info] Your public directory is the folder (relative to your project directory) that
[info] will contain Hosting assets to be uploaded with firebase deploy. If you
[info] have a build process for your assets, use your build's output directory.
[info] 
[debug] [2021-05-22T09:45:58.456Z] >>> [apiv2][query] GET https://www.gstatic.com/firebasejs/releases.json [none]
[debug] [2021-05-22T09:45:58.553Z] <<< [apiv2][status] GET https://www.gstatic.com/firebasejs/releases.json 200
[debug] [2021-05-22T09:45:58.554Z] <<< [apiv2][body] GET https://www.gstatic.com/firebasejs/releases.json {"current":{"version":"8.6.2","browserURL":"https://www.gstatic.com/firebasejs/8.6.2/firebase.js","packageURL":"https://www.gstatic.com/firebasejs/8.6.2/firebase.tgz"},"live":{"version":"8.6","browserURL":"https://www.gstatic.com/firebasejs/live/8.6/firebase.js","packageURL":"https://www.gstatic.com/firebasejs/live/8.6/firebase.tgz"},"components":{"analytics":"https://www.gstatic.com/firebasejs/8.6.2/firebase-analytics.js","app":"https://www.gstatic.com/firebasejs/8.6.2/firebase-app.js","app-check":"https://www.gstatic.com/firebasejs/8.6.2/firebase-app-check.js","auth":"https://www.gstatic.com/firebasejs/8.6.2/firebase-auth.js","database":"https://www.gstatic.com/firebasejs/8.6.2/firebase-database.js","firestore":"https://www.gstatic.com/firebasejs/8.6.2/firebase-firestore.js","functions":"https://www.gstatic.com/firebasejs/8.6.2/firebase-functions.js","installations":"https://www.gstatic.com/firebasejs/8.6.2/firebase-installations.js","messaging":"https://www.gstatic.com/firebasejs/8.6.2/firebase-messaging.js","storage":"https://www.gstatic.com/firebasejs/8.6.2/firebase-storage.js","performance":"https://www.gstatic.com/firebasejs/8.6.2/firebase-performance.js","remote-config":"https://www.gstatic.com/firebasejs/8.6.2/firebase-remote-config.js","firestore.memory":"https://www.gstatic.com/firebasejs/8.6.2/firebase-firestore.memory.js"}}
[info] +  Wrote build/index.html 
[info] 
[info] i  Detected a .git folder at D:\Computer Science\Projects\Tinder Clone\tinder-clone 
[info] i  Authorizing with GitHub to upload your service account to a GitHub repository's secrets store. 
[info] 
[info] Visit this URL on this device to log in:
[info] https://github.com/login/oauth/authorize?client_id=89cf50f02ac6aaed3484&state=1013068793&redirect_uri=http%3A%2F%2Flocalhost%3A9005&scope=read%3Auser%20repo%20public_repo
[info] 
[info] Waiting for authentication...
[debug] [2021-05-22T09:46:09.291Z] >>> HTTP REQUEST POST https://github.com/login/oauth/access_token  
 {"client_id":"89cf50f02ac6aaed3484","client_secret":"3330d14abc895d9a74d5f17cd7a00711fa2c5bf0","code":"7a9ec469ca15f311eb4c","redirect_uri":"http://localhost:9005","state":"1013068793"}
[debug] [2021-05-22T09:46:09.631Z] <<< HTTP RESPONSE 200 {"server":"GitHub.com","date":"Sat, 22 May 2021 09:46:11 GMT","content-type":"application/json; charset=utf-8","transfer-encoding":"chunked","vary":"X-PJAX, Accept-Encoding, Accept, X-Requested-With","permissions-policy":"interest-cohort=()","etag":"W/\"864386b8f0a4693dc57d00dd567c13be\"","cache-control":"max-age=0, private, must-revalidate","strict-transport-security":"max-age=31536000; includeSubdomains; preload","x-frame-options":"deny","x-content-type-options":"nosniff","x-xss-protection":"0","referrer-policy":"origin-when-cross-origin, strict-origin-when-cross-origin","expect-ct":"max-age=2592000, report-uri=\"https://api.github.com/_private/browser/errors\"","content-security-policy":"default-src 'none'; base-uri 'self'; block-all-mixed-content; connect-src 'self' uploads.github.com www.githubstatus.com collector.githubapp.com api.github.com github-cloud.s3.amazonaws.com github-production-repository-file-5c1aeb.s3.amazonaws.com github-production-upload-manifest-file-7fdce7.s3.amazonaws.com github-production-user-asset-6210df.s3.amazonaws.com cdn.optimizely.com logx.optimizely.com/v1/events wss://alive.github.com; font-src github.githubassets.com; form-action 'self' github.com gist.github.com; frame-ancestors 'none'; frame-src render.githubusercontent.com; img-src 'self' data: github.githubassets.com identicons.github.com collector.githubapp.com github-cloud.s3.amazonaws.com secured-user-images.githubusercontent.com/ *.githubusercontent.com; manifest-src 'self'; media-src 'none'; script-src github.githubassets.com; style-src 'unsafe-inline' github.githubassets.com; worker-src github.com/socket-worker-3f088aa2.js gist.github.com/socket-worker-3f088aa2.js","x-github-request-id":"E855:697F:B79B95:C76B62:60A8D2E3"}
[debug] [2021-05-22T09:46:09.634Z] >>> [apiv2][query] GET https://api.github.com/user [none]
[debug] [2021-05-22T09:46:09.968Z] <<< [apiv2][status] GET https://api.github.com/user 200
[debug] [2021-05-22T09:46:09.968Z] <<< [apiv2][body] GET https://api.github.com/user {"login":"shazm12","id":64892076,"node_id":"MDQ6VXNlcjY0ODkyMDc2","avatar_url":"https://avatars.githubusercontent.com/u/64892076?v=4","gravatar_id":"","url":"https://api.github.com/users/shazm12","html_url":"https://github.com/shazm12","followers_url":"https://api.github.com/users/shazm12/followers","following_url":"https://api.github.com/users/shazm12/following{/other_user}","gists_url":"https://api.github.com/users/shazm12/gists{/gist_id}","starred_url":"https://api.github.com/users/shazm12/starred{/owner}{/repo}","subscriptions_url":"https://api.github.com/users/shazm12/subscriptions","organizations_url":"https://api.github.com/users/shazm12/orgs","repos_url":"https://api.github.com/users/shazm12/repos","events_url":"https://api.github.com/users/shazm12/events{/privacy}","received_events_url":"https://api.github.com/users/shazm12/received_events","type":"User","site_admin":false,"name":"Shamik","company":null,"blog":"","location":"Mumbai","email":null,"hireable":true,"bio":null,"twitter_username":null,"public_repos":30,"public_gists":0,"followers":1,"following":4,"created_at":"2020-05-06T07:50:50Z","updated_at":"2021-05-22T09:46:10Z","private_gists":0,"total_private_repos":1,"owned_private_repos":1,"disk_usage":47484,"collaborators":1,"two_factor_authentication":false,"plan":{"name":"pro","space":976562499,"collaborators":0,"private_repos":9999}}
[info] 
[info] +  Success! Logged into GitHub as shazm12 
[info] 
[debug] [2021-05-22T09:46:17.998Z] >>> [apiv2][query] GET https://api.github.com/repos//actions/secrets/public-key type=owner
[debug] [2021-05-22T09:46:18.243Z] <<< [apiv2][status] GET https://api.github.com/repos//actions/secrets/public-key 404
[debug] [2021-05-22T09:46:18.243Z] <<< [apiv2][body] GET https://api.github.com/repos//actions/secrets/public-key {"message":"Not Found","documentation_url":"https://docs.github.com/rest"}
[debug] [2021-05-22T09:46:25.790Z] >>> [apiv2][query] GET https://api.github.com/repos/yes/actions/secrets/public-key type=owner
[debug] [2021-05-22T09:46:26.047Z] <<< [apiv2][status] GET https://api.github.com/repos/yes/actions/secrets/public-key 404
[debug] [2021-05-22T09:46:26.047Z] <<< [apiv2][body] GET https://api.github.com/repos/yes/actions/secrets/public-key {"message":"Not Found","documentation_url":"https://docs.github.com/rest"}
